<?xml version="1.0" encoding="UTF-8"?>
<testng-results ignored="0" total="2" passed="2" failed="0" skipped="0">
  <reporter-output>
  </reporter-output>
  <suite started-at="2021-09-23T17:53:17 IST" name="Suite" finished-at="2021-09-23T17:53:47 IST" duration-ms="29604">
    <groups>
    </groups>
    <test started-at="2021-09-23T17:53:17 IST" name="Test" finished-at="2021-09-23T17:53:47 IST" duration-ms="29604">
      <class name="com.Smitha.Maven.Demo002">
        <test-method is-config="true" signature="openBrowser()[pri:0, instance:com.Smitha.Maven.Demo002@456d6c1e]" started-at="2021-09-23T17:53:17 IST" name="openBrowser" finished-at="2021-09-23T17:53:17 IST" duration-ms="2" status="PASS">
          <reporter-output>
          </reporter-output>
        </test-method> <!-- openBrowser -->
        <test-method signature="TS002()[pri:0, instance:com.Smitha.Maven.Demo002@456d6c1e]" started-at="2021-09-23T17:53:17 IST" name="TS002" finished-at="2021-09-23T17:53:32 IST" duration-ms="14715" status="PASS">
          <reporter-output>
          </reporter-output>
        </test-method> <!-- TS002 -->
        <test-method is-config="true" signature="closeBrowser()[pri:0, instance:com.Smitha.Maven.Demo002@456d6c1e]" started-at="2021-09-23T17:53:47 IST" name="closeBrowser" finished-at="2021-09-23T17:53:47 IST" duration-ms="0" status="PASS">
          <reporter-output>
          </reporter-output>
        </test-method> <!-- closeBrowser -->
      </class> <!-- com.Smitha.Maven.Demo002 -->
      <class name="com.Smitha.Maven.Demo001">
        <test-method is-config="true" signature="openBrow()[pri:0, instance:com.Smitha.Maven.Demo001@15f47664]" started-at="2021-09-23T17:53:17 IST" name="openBrow" finished-at="2021-09-23T17:53:17 IST" duration-ms="14" status="PASS">
          <reporter-output>
          </reporter-output>
        </test-method> <!-- openBrow -->
        <test-method signature="TS001()[pri:0, instance:com.Smitha.Maven.Demo001@15f47664]" started-at="2021-09-23T17:53:32 IST" name="TS001" finished-at="2021-09-23T17:53:47 IST" duration-ms="14806" status="PASS">
          <reporter-output>
          </reporter-output>
        </test-method> <!-- TS001 -->
        <test-method is-config="true" signature="closeBrow()[pri:0, instance:com.Smitha.Maven.Demo001@15f47664]" started-at="2021-09-23T17:53:47 IST" name="closeBrow" finished-at="2021-09-23T17:53:47 IST" duration-ms="1" status="PASS">
          <reporter-output>
          </reporter-output>
        </test-method> <!-- closeBrow -->
      </class> <!-- com.Smitha.Maven.Demo001 -->
    </test> <!-- Test -->
  </suite> <!-- Suite -->
</testng-results>
